>     msg(paste("Analysis run on", date()))
Analysis run on Sun Jan  9 19:12:31 2022
>     msg("\n\nMachine and R version information:")


Machine and R version information:
>     version
               _                           
platform       x86_64-pc-linux-gnu         
arch           x86_64                      
os             linux-gnu                   
system         x86_64, linux-gnu           
status                                     
major          3                           
minor          6.3                         
year           2020                        
month          02                          
day            29                          
svn rev        77875                       
language       R                           
version.string R version 3.6.3 (2020-02-29)
nickname       Holding the Windsock        
>     msg("\n\nPackage version information:")


Package version information:
>     sapply(pkgs, getNamespaceVersion)
    nlme.version multcomp.version 
       "3.1-144"         "1.4-17" 
>   sink(file = NULL)
